airHockey1/build/outputs/logs/manifest-merger-debug-report.txt
-- Merging decision tree log ---
manifest
ADDED from src/main/AndroidManifest.xml:10:1-31:12
INJECTED from src/main/AndroidManifest.xml:10:1-31:12
INJECTED from src/main/AndroidManifest.xml:10:1-31:12
INJECTED from src/main/AndroidManifest.xml:10:1-31:12
INJECTED from src/main/AndroidManifest.xml:10:1-31:12
INJECTED from src/main/AndroidManifest.xml:10:1-31:12
INJECTED from src/main/AndroidManifest.xml:10:1-31:12
	package
		ADDED from src/main/AndroidManifest.xml:11:5-36
		INJECTED from src/main/AndroidManifest.xml
		INJECTED from src/main/AndroidManifest.xml
	android:versionName
		ADDED from src/main/AndroidManifest.xml:13:5-30
		INJECTED from src/main/AndroidManifest.xml
		INJECTED from src/main/AndroidManifest.xml
	xmlns:android
		ADDED from src/main/AndroidManifest.xml:10:11-69
	android:versionCode
		ADDED from src/main/AndroidManifest.xml:12:5-28
		INJECTED from src/main/AndroidManifest.xml
		INJECTED from src/main/AndroidManifest.xml
uses-sdk
ADDED from src/main/AndroidManifest.xml:15:5-74
INJECTED from src/main/AndroidManifest.xml:15:5-74
INJECTED from src/main/AndroidManifest.xml:15:5-74
INJECTED from src/main/AndroidManifest.xml:15:5-74
INJECTED from src/main/AndroidManifest.xml:15:5-74
	android:targetSdkVersion
		ADDED from src/main/AndroidManifest.xml:15:42-71
		INJECTED from src/main/AndroidManifest.xml
		INJECTED from src/main/AndroidManifest.xml
	android:minSdkVersion
		ADDED from src/main/AndroidManifest.xml:15:15-41
		INJECTED from src/main/AndroidManifest.xml
		INJECTED from src/main/AndroidManifest.xml
application
ADDED from src/main/AndroidManifest.xml:17:5-29:19
	android:label
		ADDED from src/main/AndroidManifest.xml:19:9-41
	android:icon
		ADDED from src/main/AndroidManifest.xml:18:9-45
activity#com.airhockey.android.AirHockeyActivity
ADDED from src/main/AndroidManifest.xml:20:9-28:20
	android:label
		ADDED from src/main/AndroidManifest.xml:22:13-45
	android:name
		ADDED from src/main/AndroidManifest.xml:21:13-67
intent-filter#android.intent.action.MAIN+android.intent.category.LAUNCHER
ADDED from src/main/AndroidManifest.xml:23:13-27:29
action#android.intent.action.MAIN
ADDED from src/main/AndroidManifest.xml:24:17-69
	android:name
		ADDED from src/main/AndroidManifest.xml:24:25-66
category#android.intent.category.LAUNCHER
ADDED from src/main/AndroidManifest.xml:26:17-77
	android:name
		ADDED from src/main/AndroidManifest.xml:26:27-74